Saving temporary files in: /tmp/a4d7a95f-a027-4692-ab2d-aca4f948aa4a/
tau= 0.1
i=0,energy=-51.58337103482536
i=1,energy=-51.55515517027204
i=2,energy=-51.5495986078749
i=3,energy=-51.535617852961074
i=4,energy=-51.53075456480783
tau= 0.08
i=0,energy=-51.57689882977717
i=1,energy=-51.59786307948416
i=2,energy=-51.60501334526941
i=3,energy=-51.597679696426916
i=4,energy=-51.597131822218614
tau= 0.06
i=0,energy=-51.62987519283607
i=1,energy=-51.660450522354864
i=2,energy=-51.66719098604806
i=3,energy=-51.66107467459283
i=4,energy=-51.65800331726128
tau= 0.04
i=0,energy=-51.67190253041696
i=1,energy=-51.692117277302
i=2,energy=-51.70092548059517
i=3,energy=-51.707399521777276
i=4,energy=-51.70722966934135
tau= 0.02
i=0,energy=-51.71023902172238
i=1,energy=-51.729880056856416
i=2,energy=-51.738637384061995
i=3,energy=-51.74418859255114
i=4,energy=-51.74722535771292
tau= 0.01
i=0,energy=-51.740691128446095
i=1,energy=-51.74716923606543
i=2,energy=-51.752466785543795
i=3,energy=-51.75681096677249
i=4,energy=-51.75966701046769
tau= 0.01
i=0,energy=-51.74976111371215
i=1,energy=-51.754271472761424
i=2,energy=-51.757525344205405
i=3,energy=-51.76024601298486
i=4,energy=-51.765266337596444
tau= 0.008
i=0,energy=-51.74892865872538
i=1,energy=-51.7569650665286
i=2,energy=-51.76048651993012
i=3,energy=-51.76384299759431
i=4,energy=-51.764552300005874
tau= 0.006
i=0,energy=-51.75717607632366
i=1,energy=-51.76010103492857
i=2,energy=-51.76250025200393
i=3,energy=-51.76743210650838
i=4,energy=-51.76910239622321
tau= 0.004
i=0,energy=-51.76170813374003
i=1,energy=-51.764029888562646
i=2,energy=-51.76601032696251
i=3,energy=-51.7677362054367
i=4,energy=-51.76907103114165
tau= 0.002
i=0,energy=-51.76578428678698
i=1,energy=-51.767265649460406
i=2,energy=-51.76826363475981
i=3,energy=-51.76918523064996
i=4,energy=-51.77290573116919
tau= 0.001
i=0,energy=-51.76851305630409
i=1,energy=-51.76903617846934
i=2,energy=-51.769537737890175
i=3,energy=-51.7700172475112
i=4,energy=-51.77335312301762
tau= 0.001
i=0,energy=-51.76895938227882
i=1,energy=-51.769471947742964
i=2,energy=-51.76996043761633
i=3,energy=-51.77330820356953
i=4,energy=-51.77375120149105
tau= 0.0008
i=0,energy=-51.76955561164761
i=1,energy=-51.772839576728316
i=2,energy=-51.77321979299472
i=3,energy=-51.77358726672754
i=4,energy=-51.77394509052019
tau= 0.0006
i=0,energy=-51.77302723105998
i=1,energy=-51.773321157150846
i=2,energy=-51.773603427591276
i=3,energy=-51.77388090653367
i=4,energy=-51.77415256988919
tau= 0.0004
i=0,energy=-51.773556677712904
i=1,energy=-51.77374818169949
i=2,energy=-51.7739368485015
i=3,energy=-51.77412194401729
i=4,energy=-51.77430370710124
tau= 0.0002
i=0,energy=-51.77399947469036
i=1,energy=-51.77409442620892
i=2,energy=-51.77418843446294
i=3,energy=-51.774281767368
i=4,energy=-51.77437432914469
tau= 0.0001
i=0,energy=-51.774228908120875
i=1,energy=-51.77427579465654
i=2,energy=-51.77432293959321
i=3,energy=-51.77436951708674
i=4,energy=-51.7744162875184
{}
{}
{}
{}
{}
{}
{'global_flip': False, 'local_inds': []}
{'global_flip': False, 'local_inds': []}
{'global_flip': False, 'local_inds': []}
{'global_flip': False, 'local_inds': []}
{'global_flip': False, 'local_inds': []}
{'global_flip': False, 'local_inds': []}
{'global_flip': False, 'local_inds': []}
{'global_flip': False, 'local_inds': []}
{'global_flip': False, 'local_inds': []}
{'global_flip': False, 'local_inds': []}
{'global_flip': False, 'local_inds': []}
{'global_flip': False, 'local_inds': []}
{'global_flip': False, 'local_inds': []}
{'global_flip': False, 'local_inds': []}
{'global_flip': False, 'local_inds': []}
{'global_flip': False, 'local_inds': []}
{'global_flip': False, 'local_inds': []}
{'global_flip': False, 'local_inds': []}
{'global_flip': False, 'local_inds': []}
{'global_flip': False, 'local_inds': []}
{'global_flip': False, 'local_inds': []}
{'global_flip': False, 'local_inds': []}
{'global_flip': False, 'local_inds': []}
{'global_flip': False, 'local_inds': []}
{'global_flip': False, 'local_inds': []}
{'global_flip': False, 'local_inds': []}
{'global_flip': False, 'local_inds': []}
{'global_flip': False, 'local_inds': []}
{'global_flip': False, 'local_inds': []}
{'global_flip': False, 'local_inds': []}
su time: 1642398528.2451031
saving to  ./saved_states/suD10
