Saving temporary files in: /tmp/67d13f01-c5b6-4837-9cd2-6222f895f12e/
tau= 0.1
i=0,energy=-43.39938577469614
i=1,energy=-43.39532550749477
i=2,energy=-43.407049717433104
i=3,energy=-43.40465006576649
i=4,energy=-43.40186680154742
tau= 0.08
i=0,energy=-43.417362113881836
i=1,energy=-43.42701535763188
i=2,energy=-43.42750720757125
i=3,energy=-43.41458228294584
i=4,energy=-43.41584244049829
tau= 0.06
i=0,energy=-43.44994054587524
i=1,energy=-43.448780929060625
i=2,energy=-43.44562587768385
i=3,energy=-43.44454192942769
i=4,energy=-43.4420544048833
tau= 0.04
i=0,energy=-43.457233884384614
i=1,energy=-43.46035397006603
i=2,energy=-43.460230815667025
i=3,energy=-43.463021311068566
i=4,energy=-43.465294519258904
tau= 0.02
i=0,energy=-43.47288285136696
i=1,energy=-43.47494510537145
i=2,energy=-43.47582521214342
i=3,energy=-43.47658054951214
i=4,energy=-43.47620129589658
tau= 0.01
i=0,energy=-43.47671174357602
i=1,energy=-43.47921777546504
i=2,energy=-43.48045879416517
i=3,energy=-43.48069460818325
i=4,energy=-43.48140104281927
tau= 0.01
i=0,energy=-43.47971179966705
i=1,energy=-43.480939177444924
i=2,energy=-43.48098603352922
i=3,energy=-43.48143713455442
i=4,energy=-43.481523262631164
tau= 0.008
i=0,energy=-43.48013255012262
i=1,energy=-43.4814494173711
i=2,energy=-43.48177312208591
i=3,energy=-43.4822861929289
i=4,energy=-43.48271530392097
tau= 0.006
i=0,energy=-43.48147491756101
i=1,energy=-43.482504367776684
i=2,energy=-43.48327376410188
i=3,energy=-43.483763516424716
i=4,energy=-43.48410493191144
tau= 0.004
i=0,energy=-43.48286955587475
i=1,energy=-43.48355542391902
i=2,energy=-43.48398481122926
i=3,energy=-43.48438205066487
i=4,energy=-43.4846880972749
tau= 0.002
i=0,energy=-43.484235390010646
i=1,energy=-43.48459274055524
i=2,energy=-43.48488465479763
i=3,energy=-43.485132882998975
i=4,energy=-43.4853816806751
tau= 0.001
i=0,energy=-43.48508859493743
i=1,energy=-43.485250137193596
i=2,energy=-43.485397491137284
i=3,energy=-43.48553714772093
i=4,energy=-43.48566737342302
tau= 0.001
i=0,energy=-43.48537698157109
i=1,energy=-43.48552212254019
i=2,energy=-43.485655752404476
i=3,energy=-43.48577519737759
i=4,energy=-43.48589026757539
tau= 0.0008
i=0,energy=-43.485668342299
i=1,energy=-43.485776581520554
i=2,energy=-43.48587518916564
i=3,energy=-43.48597110604364
i=4,energy=-43.486060600944384
tau= 0.0006
i=0,energy=-43.485873046041576
i=1,energy=-43.48595101971745
i=2,energy=-43.48602426911759
i=3,energy=-43.486095498958626
i=4,energy=-43.48616439950138
tau= 0.0004
i=0,energy=-43.48603933208231
i=1,energy=-43.48608994861326
i=2,energy=-43.48613874990628
i=3,energy=-43.4861859699976
i=4,energy=-43.48623218839673
tau= 0.0002
i=0,energy=-43.48616907258515
i=1,energy=-43.48619429516224
i=2,energy=-43.486219238697174
i=3,energy=-43.48624383967002
i=4,energy=-43.48626835659998
tau= 0.0001
i=0,energy=-43.4862453846529
i=1,energy=-43.48625808898175
i=2,energy=-43.48627068831127
i=3,energy=-43.48628313643431
i=4,energy=-43.48629550826352
{}
{}
{}
{}
{}
{}
{'global_flip': False, 'local_inds': []}
{'global_flip': False, 'local_inds': []}
{'global_flip': False, 'local_inds': []}
{'global_flip': False, 'local_inds': []}
{'global_flip': False, 'local_inds': []}
{'global_flip': False, 'local_inds': []}
{'global_flip': False, 'local_inds': []}
{'global_flip': False, 'local_inds': []}
{'global_flip': False, 'local_inds': []}
{'global_flip': False, 'local_inds': []}
{'global_flip': False, 'local_inds': []}
{'global_flip': False, 'local_inds': []}
{'global_flip': False, 'local_inds': []}
{'global_flip': False, 'local_inds': []}
{'global_flip': False, 'local_inds': []}
{'global_flip': False, 'local_inds': []}
{'global_flip': False, 'local_inds': []}
{'global_flip': False, 'local_inds': []}
{'global_flip': False, 'local_inds': []}
{'global_flip': False, 'local_inds': []}
{'global_flip': False, 'local_inds': []}
{'global_flip': False, 'local_inds': []}
{'global_flip': False, 'local_inds': []}
{'global_flip': False, 'local_inds': []}
{'global_flip': False, 'local_inds': []}
{'global_flip': False, 'local_inds': []}
{'global_flip': False, 'local_inds': []}
{'global_flip': False, 'local_inds': []}
{'global_flip': False, 'local_inds': []}
{'global_flip': False, 'local_inds': []}
su time: 1642200789.6614199
saving to  ./saved_states/suD3_2
