Saving temporary files in: /tmp/47438b7c-9aaf-4c96-8477-e664a58b8c58/
tau= 0.1
i=0,energy=-51.44930059891666
i=1,energy=-51.43885161950859
i=2,energy=-51.430640413351774
i=3,energy=-51.419293419746815
i=4,energy=-51.43951830411153
tau= 0.08
i=0,energy=-51.47369878100372
i=1,energy=-51.49037660247511
i=2,energy=-51.489742926074825
i=3,energy=-51.48336499772483
i=4,energy=-51.484232623639784
tau= 0.06
i=0,energy=-51.51080434722627
i=1,energy=-51.53016841775885
i=2,energy=-51.5327529802538
i=3,energy=-51.53277107809966
i=4,energy=-51.53196421395418
tau= 0.04
i=0,energy=-51.54536240254881
i=1,energy=-51.564434613842145
i=2,energy=-51.57130037304627
i=3,energy=-51.57397013021102
i=4,energy=-51.57386509502525
tau= 0.02
i=0,energy=-51.57399425973125
i=1,energy=-51.5885647611144
i=2,energy=-51.59755079692608
i=3,energy=-51.603185947101494
i=4,energy=-51.604694595423034
tau= 0.01
i=0,energy=-51.59914115606588
i=1,energy=-51.605638506530234
i=2,energy=-51.610740630683736
i=3,energy=-51.61478977035566
i=4,energy=-51.616161378791794
tau= 0.01
i=0,energy=-51.60903146976001
i=1,energy=-51.61335804461414
i=2,energy=-51.61539301053337
i=3,energy=-51.61645002556429
i=4,energy=-51.618508400707476
tau= 0.008
i=0,energy=-51.61213130087047
i=1,energy=-51.6158368564091
i=2,energy=-51.61738533359597
i=3,energy=-51.61839249025837
i=4,energy=-51.61987160858358
tau= 0.006
i=0,energy=-51.6153260063803
i=1,energy=-51.617323530865285
i=2,energy=-51.61915592599489
i=3,energy=-51.62038894454689
i=4,energy=-51.62199599962399
tau= 0.004
i=0,energy=-51.61819447134553
i=1,energy=-51.61953114197794
i=2,energy=-51.62088252706983
i=3,energy=-51.62204085337108
i=4,energy=-51.62301280503488
tau= 0.002
i=0,energy=-51.620583576333175
i=1,energy=-51.62139774127316
i=2,energy=-51.62211150272568
i=3,energy=-51.622767439902084
i=4,energy=-51.62336879117923
tau= 0.001
i=0,energy=-51.622343334195314
i=1,energy=-51.6227187909906
i=2,energy=-51.62307693352743
i=3,energy=-51.623418905305236
i=4,energy=-51.62375035343917
tau= 0.001
i=0,energy=-51.62267804049884
i=1,energy=-51.62304807023527
i=2,energy=-51.623400579908896
i=3,energy=-51.62374087524434
i=4,energy=-51.624064265053846
tau= 0.0008
i=0,energy=-51.62411177605299
i=1,energy=-51.624402043803144
i=2,energy=-51.62468116549425
i=3,energy=-51.62495110297259
i=4,energy=-51.625212495461106
tau= 0.0006
i=0,energy=-51.624545633583445
i=1,energy=-51.62476073193395
i=2,energy=-51.62496784259647
i=3,energy=-51.62517035865074
i=4,energy=-51.62536776622618
tau= 0.0004
i=0,energy=-51.62496051651945
i=1,energy=-51.62510056382154
i=2,energy=-51.62523825806999
i=3,energy=-51.62537352035356
i=4,energy=-51.62550640828802
tau= 0.0002
i=0,energy=-51.625283540832
i=1,energy=-51.62535278094776
i=2,energy=-51.62542116072305
i=3,energy=-51.62548926015096
i=4,energy=-51.625556670486944
tau= 0.0001
i=0,energy=-51.62546274752393
i=1,energy=-51.62549701270652
i=2,energy=-51.62553130529476
i=3,energy=-51.625565350975116
i=4,energy=-51.62559931515975
{}
{}
{}
{}
{}
{}
{'global_flip': False, 'local_inds': []}
{'global_flip': False, 'local_inds': []}
{'global_flip': False, 'local_inds': []}
{'global_flip': False, 'local_inds': []}
{'global_flip': False, 'local_inds': []}
{'global_flip': False, 'local_inds': []}
{'global_flip': False, 'local_inds': []}
{'global_flip': False, 'local_inds': []}
{'global_flip': False, 'local_inds': []}
{'global_flip': False, 'local_inds': []}
{'global_flip': False, 'local_inds': []}
{'global_flip': False, 'local_inds': []}
{'global_flip': False, 'local_inds': []}
{'global_flip': False, 'local_inds': []}
{'global_flip': False, 'local_inds': []}
{'global_flip': False, 'local_inds': []}
{'global_flip': False, 'local_inds': []}
{'global_flip': False, 'local_inds': []}
{'global_flip': False, 'local_inds': []}
{'global_flip': False, 'local_inds': []}
{'global_flip': False, 'local_inds': []}
{'global_flip': False, 'local_inds': []}
{'global_flip': False, 'local_inds': []}
{'global_flip': False, 'local_inds': []}
{'global_flip': False, 'local_inds': []}
{'global_flip': False, 'local_inds': []}
{'global_flip': False, 'local_inds': []}
{'global_flip': False, 'local_inds': []}
{'global_flip': False, 'local_inds': []}
{'global_flip': False, 'local_inds': []}
su time: 1642346271.2696383
saving to  ./saved_states/suD9
